<?xml version="1.0" encoding="UTF-8"?>
<!-- Generated by org.testng.reporters.JUnitXMLReporter -->
<testsuite hostname="258-PC" ignored="0" name="Home Page Tests" tests="4" failures="1" timestamp="2021-11-23T16:44:07 EET" time="19.979" errors="0">
  <testcase name="HomePageLogin" time="8.888" classname="academy.HomePageTest"/>
  <testcase name="HomePageLogin" time="1.84" classname="academy.HomePageTest"/>
  <testcase name="checkNavigationBar" time="1.116" classname="academy.HomePageTest"/>
  <testcase name="checkTitle" time="1.047" classname="academy.HomePageTest">
    <failure type="java.lang.AssertionError" message="Title is not correct expected [true] but found [false]">
      <![CDATA[java.lang.AssertionError: Title is not correct expected [true] but found [false]
at academy.HomePageTest.checkTitle(HomePageTest.java:76)
at java.util.ArrayList.forEach(ArrayList.java:1257)
at java.util.concurrent.FutureTask.run(FutureTask.java:266)
at java.util.concurrent.ThreadPoolExecutor.runWorker(ThreadPoolExecutor.java:1149)
at java.util.concurrent.ThreadPoolExecutor$Worker.run(ThreadPoolExecutor.java:624)
at java.lang.Thread.run(Thread.java:748)
... Removed 21 stack frames]]>
    </failure>
  </testcase> <!-- checkTitle -->
</testsuite> <!-- Home Page Tests -->
