<?xml version="1.0" encoding="UTF-8"?>
<!-- Generated by org.testng.reporters.JUnitXMLReporter -->
<testsuite hostname="258-PC" ignored="0" name="Home Page Check Title Test" tests="1" failures="1" timestamp="2021-11-22T18:05:22 EET" time="12.119" errors="0">
  <testcase name="checkTitle" time="8.716" classname="academy.HomePageCheckTitleTest">
    <failure type="java.lang.AssertionError" message="Title is not correct expected [true] but found [false]">
      <![CDATA[java.lang.AssertionError: Title is not correct expected [true] but found [false]
at academy.HomePageCheckTitleTest.checkTitle(HomePageCheckTitleTest.java:37)
at java.util.ArrayList.forEach(ArrayList.java:1257)
at java.util.concurrent.FutureTask.run(FutureTask.java:266)
at java.util.concurrent.ThreadPoolExecutor.runWorker(ThreadPoolExecutor.java:1149)
at java.util.concurrent.ThreadPoolExecutor$Worker.run(ThreadPoolExecutor.java:624)
at java.lang.Thread.run(Thread.java:748)
... Removed 21 stack frames]]>
    </failure>
  </testcase> <!-- checkTitle -->
</testsuite> <!-- Home Page Check Title Test -->
